  Generate moc_predefs.h
  lrelease
  Updating 'debug\Cypress_en_CA.qm'...
      Generated 0 translation(s) (0 finished and 0 unfinished)
  Uic'ing dialogs\audiometerdialog.ui...
  Uic'ing widgets\barcodewidget.ui...
  Uic'ing dialogs\bloodpressuredialog.ui...
  Uic'ing dialogs\bodycompositiondialog.ui...
  Uic'ing dialogs\gripstrengthdialog.ui...
  Uic'ing widgets\measurewidget.ui...
  Uic'ing dialogs\runnabledialog.ui...
  Uic'ing dialogs\weighscaledialog.ui...
  Rcc'ing debug\qmake_qmake_qm_files.qrc...
  Rcc'ing release\qmake_qmake_qm_files.qrc...
  Moc'ing dialogs\AudiometerDialog.h...
  Moc'ing managers\AudiometerManager.h...
  Moc'ing managers\BPMCommunication.h...
  Moc'ing widgets\BarcodeWidget.h...
  Moc'ing dialogs\BloodPressureDialog.h...
  Moc'ing managers\BloodPressureManager.h...
  Moc'ing dialogs\BodyCompositionDialog.h...
  Moc'ing managers\BodyCompositionManager.h...
  Moc'ing dialogs\CDTTDialog.h...
  Moc'ing managers\CDTTManager.h...
  Moc'ing dialogs\ChoiceReactionDialog.h...
  Moc'ing managers\ChoiceReactionManager.h...
  Moc'ing auxiliary\CommandLineParser.h...
  Moc'ing auxiliary\Constants.h...
  Moc'ing CypressApplication.h...
  Moc'ing dialogs\DialogBase.h...
  Moc'ing dialogs\ECGDialog.h...
  Moc'ing managers\ECGManager.h...
  Moc'ing dialogs\FraxDialog.h...
  Moc'ing managers\FraxManager.h...
  Moc'ing dialogs\GripStrengthDialog.h...
  Moc'ing managers\GripStrengthManager.h...
  Moc'ing managers\ManagerBase.h...
  Moc'ing widgets\MeasureWidget.h...
  Moc'ing managers\SerialPortManager.h...
  Moc'ing dialogs\SpirometerDialog.h...
  Moc'ing managers\SpirometerManager.h...
  Moc'ing dialogs\TonometerDialog.h...
  Moc'ing managers\TonometerManager.h...
  Moc'ing auxiliary\Utilities.h...
  Moc'ing dialogs\WeighScaleDialog.h...
  Moc'ing managers\WeighScaleManager.h...
C:\Program Files (x86)\Microsoft Visual Studio\2019\Community\MSBuild\Microsoft\VC\v160\Microsoft.CppBuild.targets(1091,5): warning MSB8027: Two or more files with the name of qrc_qmake_qmake_qm_files.cpp will produce outputs to the same location. This can lead to an incorrect build result.  The files involved are Debug\qrc_qmake_qmake_qm_files.cpp, Debug\qrc_qmake_qmake_qm_files.cpp.
  AccessQueryHelper.cpp
  AudiometerDialog.cpp
  AudiometerManager.cpp
  BPMCommunication.cpp
  BPMMessage.cpp
  BarcodeWidget.cpp
  BloodPressureDialog.cpp
  BloodPressureManager.cpp
  BloodPressureMeasurement.cpp
  BloodPressureTest.cpp
  BodyCompositionDialog.cpp
  BodyCompositionManager.cpp
  BodyCompositionMeasurement.cpp
  BodyCompositionTest.cpp
  CDTTDialog.cpp
  CDTTManager.cpp
  CDTTMeasurement.cpp
  CDTTTest.cpp
  ChoiceReactionDialog.cpp
  ChoiceReactionManager.cpp
  ChoiceReactionMeasurement.cpp
C:\work\clsa\cypress\src\data\BodyCompositionTest.cpp(243,9): warning C4996: 'sprintf': This function or variable may be unsafe. Consider using sprintf_s instead. To disable deprecation, use _CRT_SECURE_NO_WARNINGS. See online help for details.
C:\work\clsa\cypress\src\data\BodyCompositionTest.cpp(269,9): warning C4996: 'sprintf': This function or variable may be unsafe. Consider using sprintf_s instead. To disable deprecation, use _CRT_SECURE_NO_WARNINGS. See online help for details.
C:\work\clsa\cypress\src\data\BodyCompositionTest.cpp(287,9): warning C4996: 'sprintf': This function or variable may be unsafe. Consider using sprintf_s instead. To disable deprecation, use _CRT_SECURE_NO_WARNINGS. See online help for details.
C:\work\clsa\cypress\src\data\BodyCompositionTest.cpp(305,9): warning C4996: 'sprintf': This function or variable may be unsafe. Consider using sprintf_s instead. To disable deprecation, use _CRT_SECURE_NO_WARNINGS. See online help for details.
C:\work\clsa\cypress\src\data\BodyCompositionTest.cpp(323,9): warning C4996: 'sprintf': This function or variable may be unsafe. Consider using sprintf_s instead. To disable deprecation, use _CRT_SECURE_NO_WARNINGS. See online help for details.
C:\work\clsa\cypress\src\data\BodyCompositionTest.cpp(352,9): warning C4996: 'sprintf': This function or variable may be unsafe. Consider using sprintf_s instead. To disable deprecation, use _CRT_SECURE_NO_WARNINGS. See online help for details.
C:\work\clsa\cypress\src\data\BodyCompositionTest.cpp(370,9): warning C4996: 'sprintf': This function or variable may be unsafe. Consider using sprintf_s instead. To disable deprecation, use _CRT_SECURE_NO_WARNINGS. See online help for details.
  ChoiceReactionTest.cpp
C:\work\clsa\cypress\src\managers\AudiometerManager.cpp(205,9): warning C4996: 'sprintf': This function or variable may be unsafe. Consider using sprintf_s instead. To disable deprecation, use _CRT_SECURE_NO_WARNINGS. See online help for details.
  CommandLineParser.cpp
  Constants.cpp
  CypressApplication.cpp
  DialogBase.cpp
  DialogFactory.cpp
C:\work\clsa\cypress\src\managers\BodyCompositionManager.cpp(546,11): warning C4996: 'sprintf': This function or variable may be unsafe. Consider using sprintf_s instead. To disable deprecation, use _CRT_SECURE_NO_WARNINGS. See online help for details.
C:\work\clsa\cypress\src\managers\BodyCompositionManager.cpp(614,15): warning C4996: 'sprintf': This function or variable may be unsafe. Consider using sprintf_s instead. To disable deprecation, use _CRT_SECURE_NO_WARNINGS. See online help for details.
  ECGDialog.cpp
  ECGManager.cpp
  ECGMeasurement.cpp
  ECGTest.cpp
  EMRPluginWriter.cpp
  ExcelQueryHelper.cpp
  FraxDialog.cpp
  FraxManager.cpp
  FraxMeasurement.cpp
  FraxTest.cpp
  GripStrengthDialog.cpp
  GripStrengthManager.cpp
  GripStrengthMeasurement.cpp
  GripStrengthTest.cpp
  HearingMeasurement.cpp
  HearingTest.cpp
C:\work\clsa\cypress\src\managers\ECGManager.cpp(207,50): warning C4996: 'QFileDialog::DirectoryOnly': Use setOption(ShowDirsOnly, true) instead
  JsonSettings.cpp
  ManagerBase.cpp
  MeasureWidget.cpp
  Measurement.cpp
  ParadoxReader.cpp
  SerialPortManager.cpp
  SpirometerDialog.cpp
  SpirometerManager.cpp
  SpirometerMeasurement.cpp
  SpirometerTest.cpp
  TonometerDialog.cpp
  TonometerManager.cpp
  TonometerMeasurement.cpp
  TonometerTest.cpp
  Utilities.cpp
  WeighScaleDialog.cpp
  WeighScaleManager.cpp
  WeighScaleTest.cpp
  WeightMeasurement.cpp
  main.cpp
C:\work\clsa\cypress\src\managers\SpirometerManager.cpp(308,51): warning C4996: 'QFileDialog::DirectoryOnly': Use setOption(ShowDirsOnly, true) instead
  ;
  qrc_qmake_qmake_qm_files.cpp
  qrc_qmake_qmake_qm_files.cpp
c1xx : fatal error C1083: Cannot open source file: ';': No such file or directory
C:\work\clsa\cypress\src\Debug\qrc_qmake_qmake_qm_files.cpp : fatal error C1083: Cannot open compiler generated file: 'C:\work\clsa\cypress\src\debug\qrc_qmake_qmake_qm_files.obj': Permission denied
cl : command line error D8040: error creating or communicating with child process
